<?xml version="1.0" encoding="UTF-8"?>
<!-- Generated by org.testng.reporters.JUnitReportReporter -->
<testsuite hostname="Pk" failures="0" tests="3" name="test_Scripts.Mutil_LevelScript" time="0.006" errors="0" timestamp="2024-02-19T23:03:55 IST" skipped="0">
  <testcase classname="test_Scripts.Mutil_LevelScript" name="test02" time="0.002"/>
  <system-out>
    <![CDATA[Test02 executed]]>
  </system-out>
  <testcase classname="test_Scripts.Mutil_LevelScript" name="test03" time="0.001"/>
  <system-out>
    <![CDATA[Test03 executed]]>
  </system-out>
  <testcase classname="test_Scripts.Mutil_LevelScript" name="test01" time="0.003"/>
  <system-out>
    <![CDATA[Test01 executed]]>
  </system-out>
</testsuite> <!-- test_Scripts.Mutil_LevelScript -->
