<?xml version="1.0" encoding="UTF-8"?>
<!-- Generated by org.testng.reporters.JUnitReportReporter -->
<testsuite hostname="Pk" failures="0" tests="5" name="test_Scripts.Test_Script3" time="0.013" errors="0" timestamp="2024-02-19T23:03:55 IST" skipped="0">
  <testcase classname="test_Scripts.Test_Script3" name="CreateAccount" time="0.003"/>
  <system-out>
    <![CDATA[Create acc method]]>
  </system-out>
  <testcase classname="test_Scripts.Test_Script3" name="CreateAccount" time="0.003"/>
  <system-out>
    <![CDATA[Create acc method]]>
  </system-out>
  <testcase classname="test_Scripts.Test_Script3" name="CreateAccount" time="0.002"/>
  <system-out>
    <![CDATA[Create acc method]]>
  </system-out>
  <testcase classname="test_Scripts.Test_Script3" name="CreateAccount" time="0.003"/>
  <system-out>
    <![CDATA[Create acc method]]>
  </system-out>
  <testcase classname="test_Scripts.Test_Script3" name="CreateAccount" time="0.002"/>
  <system-out>
    <![CDATA[Create acc method]]>
  </system-out>
</testsuite> <!-- test_Scripts.Test_Script3 -->
