<?xml version="1.0" encoding="UTF-8"?>
<!-- Generated by org.testng.reporters.JUnitReportReporter -->
<testsuite hostname="Pk" failures="0" tests="2" name="include_Exclude.LogOut" time="0.004" errors="0" timestamp="2024-02-19T23:03:55 IST" skipped="0">
  <testcase classname="include_Exclude.LogOut" name="VerifyLogout" time="0.002"/>
  <system-out>
    <![CDATA[Logout success]]>
  </system-out>
  <testcase classname="include_Exclude.LogOut" name="Logout" time="0.002"/>
  <system-out>
    <![CDATA[Logout link is working fine]]>
  </system-out>
</testsuite> <!-- include_Exclude.LogOut -->
