<?xml version="1.0" encoding="UTF-8"?>
<!-- Generated by org.testng.reporters.JUnitReportReporter -->
<testsuite hostname="Pk" failures="0" tests="1" name="Parameterization.NewTest" time="0.013" errors="0" timestamp="2024-02-21T14:48:10 IST" skipped="0">
  <testcase classname="Parameterization.NewTest" name="f" time="0.013"/>
  <system-out/>
</testsuite> <!-- Parameterization.NewTest -->
