<?xml version="1.0" encoding="UTF-8"?>
<!-- Generated by org.testng.reporters.JUnitReportReporter -->
<testsuite hostname="Pk" failures="0" tests="3" name="verificetion_Script.Ver_Script1" time="0.006" errors="0" timestamp="2024-02-19T23:03:55 IST" skipped="0">
  <testcase classname="verificetion_Script.Ver_Script1" name="Test2" time="0.003"/>
  <system-out>
    <![CDATA[Test2 method is pass]]>
  </system-out>
  <testcase classname="verificetion_Script.Ver_Script1" name="Test3" time="0.001"/>
  <system-out>
    <![CDATA[Test3 method is pass]]>
  </system-out>
  <testcase classname="verificetion_Script.Ver_Script1" name="Test1" time="0.002"/>
  <system-out/>
</testsuite> <!-- verificetion_Script.Ver_Script1 -->
