<?xml version="1.0" encoding="UTF-8"?>
<!-- Generated by org.testng.reporters.JUnitReportReporter -->
<testsuite hostname="Pk" failures="0" tests="3" name="test_Scripts.For_Skipp" time="0.019" errors="0" timestamp="2024-02-19T23:03:55 IST" skipped="1">
  <testcase classname="test_Scripts.For_Skipp" name="CreateAcc" time="0.018"/>
  <system-out>
    <![CDATA[Create account method is executed]]>
  </system-out>
  <testcase classname="test_Scripts.For_Skipp" name="UpdateAcc" time="0.001"/>
  <system-out>
    <![CDATA[Create account method is executed]]>
  </system-out>
  <testcase classname="test_Scripts.For_Skipp" name="DeleteAcc">
    <skipped/>
  </testcase> <!-- DeleteAcc -->
  <system-out/>
</testsuite> <!-- test_Scripts.For_Skipp -->
