<?xml version="1.0" encoding="UTF-8"?>
<!-- Generated by org.testng.reporters.JUnitReportReporter -->
<testsuite hostname="Pk" failures="0" tests="1" name="Parameterization.data_Provider_Script" time="6.359" errors="0" timestamp="2024-02-21T14:32:25 IST" skipped="0">
  <testcase classname="Parameterization.data_Provider_Script" name="testlogin" time="6.359"/>
  <system-out/>
</testsuite> <!-- Parameterization.data_Provider_Script -->
