<?xml version="1.0" encoding="UTF-8"?>
<!-- Generated by org.testng.reporters.JUnitReportReporter -->
<testsuite hostname="Pk" failures="0" tests="5" name="test_Scripts.Group_Script" time="0.006" errors="0" timestamp="2024-02-19T23:03:55 IST" skipped="0">
  <testcase classname="test_Scripts.Group_Script" name="m2" time="0.002"/>
  <system-out>
    <![CDATA[m2 method is executed]]>
  </system-out>
  <testcase classname="test_Scripts.Group_Script" name="m3" time="0.001"/>
  <system-out>
    <![CDATA[m3 method is executed]]>
  </system-out>
  <testcase classname="test_Scripts.Group_Script" name="m4" time="0.000"/>
  <system-out>
    <![CDATA[m4 method is executed]]>
  </system-out>
  <testcase classname="test_Scripts.Group_Script" name="m1" time="0.001"/>
  <system-out>
    <![CDATA[m1 method is executed]]>
  </system-out>
  <testcase classname="test_Scripts.Group_Script" name="m5" time="0.002"/>
  <system-out>
    <![CDATA[m5 method is executed]]>
  </system-out>
</testsuite> <!-- test_Scripts.Group_Script -->
