<?xml version="1.0" encoding="UTF-8"?>
<!-- Generated by org.testng.reporters.JUnitReportReporter -->
<testsuite hostname="Pk" failures="0" tests="1" name="verificetion_Script.AssertEqual_Script" time="0.002" errors="0" timestamp="2024-02-19T23:03:55 IST" skipped="0">
  <testcase classname="verificetion_Script.AssertEqual_Script" name="m1" time="0.002"/>
  <system-out>
    <![CDATA[Verification is pass]]>
  </system-out>
</testsuite> <!-- verificetion_Script.AssertEqual_Script -->
