<?xml version="1.0" encoding="UTF-8"?>
<!-- Generated by org.testng.reporters.JUnitReportReporter -->
<testsuite hostname="Pk" failures="0" tests="2" name="include_Exclude.Login" time="0.002" errors="0" timestamp="2024-02-19T23:03:55 IST" skipped="0">
  <testcase classname="include_Exclude.Login" name="LoginApp" time="0.001"/>
  <system-out>
    <![CDATA[Login page of app is working fine]]>
  </system-out>
  <testcase classname="include_Exclude.Login" name="LoginVerify" time="0.001"/>
  <system-out>
    <![CDATA[LoginApp process is verify]]>
  </system-out>
</testsuite> <!-- include_Exclude.Login -->
