<?xml version="1.0" encoding="UTF-8"?>
<!-- Generated by org.testng.reporters.JUnitReportReporter -->
<testsuite hostname="Pk" failures="0" tests="2" name="test_Scripts.Test_Script4" time="0.005" errors="0" timestamp="2024-02-19T23:03:55 IST" skipped="0">
  <testcase classname="test_Scripts.Test_Script4" name="signup" time="0.002"/>
  <system-out>
    <![CDATA[Signup method is executed]]>
  </system-out>
  <testcase classname="test_Scripts.Test_Script4" name="login" time="0.003"/>
  <system-out>
    <![CDATA[Login page method is executed]]>
  </system-out>
</testsuite> <!-- test_Scripts.Test_Script4 -->
