<?xml version="1.0" encoding="UTF-8"?>
<!-- Generated by org.testng.reporters.JUnitReportReporter -->
<testsuite hostname="Pk" failures="0" tests="3" name="testExecution.CreateAccount" time="13.220" errors="0" timestamp="2024-02-27T15:23:56 IST" skipped="0">
  <testcase classname="testExecution.CreateAccount" name="Create" time="3.067"/>
  <system-out/>
  <testcase classname="testExecution.CreateAccount" name="Create" time="6.074"/>
  <system-out/>
  <testcase classname="testExecution.CreateAccount" name="Create" time="4.079"/>
  <system-out/>
</testsuite> <!-- testExecution.CreateAccount -->
