<?xml version="1.0" encoding="UTF-8"?>
<!-- Generated by org.testng.reporters.JUnitReportReporter -->
<testsuite hostname="Pk" failures="0" tests="2" name="include_Exclude.Home" time="0.005" errors="0" timestamp="2024-02-19T23:03:55 IST" skipped="0">
  <testcase classname="include_Exclude.Home" name="Home_App" time="0.002"/>
  <system-out>
    <![CDATA[Home page of app is working fine]]>
  </system-out>
  <testcase classname="include_Exclude.Home" name="HomeVerify" time="0.003"/>
  <system-out>
    <![CDATA[Home page Verify]]>
  </system-out>
</testsuite> <!-- include_Exclude.Home -->
