<?xml version="1.0" encoding="UTF-8"?>
<!-- Generated by org.testng.reporters.JUnitReportReporter -->
<testsuite hostname="Pk" failures="0" tests="2" name="Parameterization.DataProvider" time="0.020" errors="0" timestamp="2024-02-20T13:57:28 IST" skipped="0">
  <testcase classname="Parameterization.DataProvider" name="Signup" time="0.018"/>
  <system-out>
    <![CDATA[Admin1
manager1]]>
  </system-out>
  <testcase classname="Parameterization.DataProvider" name="Signup" time="0.002"/>
  <system-out>
    <![CDATA[Admin2
Manage2]]>
  </system-out>
</testsuite> <!-- Parameterization.DataProvider -->
