<?xml version="1.0" encoding="UTF-8"?>
<!-- Generated by org.testng.reporters.JUnitReportReporter -->
<testsuite hostname="Pk" failures="0" tests="2" name="test_Scripts.Test_Script1" time="0.006" errors="0" timestamp="2024-02-19T23:03:55 IST" skipped="0">
  <testcase classname="test_Scripts.Test_Script1" name="Test_Script01" time="0.004"/>
  <system-out>
    <![CDATA[Test_Script01]]>
  </system-out>
  <testcase classname="test_Scripts.Test_Script1" name="Test_Script02" time="0.002"/>
  <system-out>
    <![CDATA[Test_Script02]]>
  </system-out>
</testsuite> <!-- test_Scripts.Test_Script1 -->
