<?xml version="1.0" encoding="UTF-8"?>
<!-- Generated by org.testng.reporters.JUnitReportReporter -->
<testsuite hostname="Pk" failures="0" tests="3" name="testExecution.Login_Script" time="7.430" errors="0" timestamp="2024-02-27T15:23:56 IST" skipped="0">
  <testcase classname="testExecution.Login_Script" name="FBLogin" time="1.782"/>
  <system-out/>
  <testcase classname="testExecution.Login_Script" name="FBLogin" time="2.951"/>
  <system-out/>
  <testcase classname="testExecution.Login_Script" name="FBLogin" time="2.697"/>
  <system-out/>
</testsuite> <!-- testExecution.Login_Script -->
