<?xml version="1.0" encoding="UTF-8"?>
<!-- Generated by org.testng.reporters.JUnitReportReporter -->
<testsuite hostname="Pk" failures="0" tests="1" name="test_Scripts.Invocation_Count" time="0.009" errors="0" timestamp="2024-02-19T23:03:55 IST" skipped="0">
  <testcase classname="test_Scripts.Invocation_Count" name="signup1" time="0.009"/>
  <system-out>
    <![CDATA[Signup1 method is exeuted]]>
  </system-out>
</testsuite> <!-- test_Scripts.Invocation_Count -->
