<?xml version="1.0" encoding="UTF-8"?>
<!-- Generated by org.testng.reporters.JUnitReportReporter -->
<testsuite hostname="Pk" failures="0" tests="2" name="include_Exclude.Launch" time="0.016" errors="0" timestamp="2024-02-19T23:03:55 IST" skipped="0">
  <testcase classname="include_Exclude.Launch" name="LaunchVerify" time="0.013"/>
  <system-out>
    <![CDATA[Launch URL is working]]>
  </system-out>
  <testcase classname="include_Exclude.Launch" name="LaunchApp" time="0.003"/>
  <system-out>
    <![CDATA[Launch is working fine]]>
  </system-out>
</testsuite> <!-- include_Exclude.Launch -->
