<?xml version="1.0" encoding="UTF-8"?>
<!-- Generated by org.testng.reporters.JUnitReportReporter -->
<testsuite hostname="Pk" failures="0" tests="1" name="Parameterization.Parameters01" time="9.800" errors="0" timestamp="2024-02-21T14:20:27 IST" skipped="0">
  <testcase classname="Parameterization.Parameters01" name="login" time="9.800"/>
  <system-out/>
</testsuite> <!-- Parameterization.Parameters01 -->
