<?xml version="1.0" encoding="UTF-8"?>
<!-- Generated by org.testng.reporters.JUnitReportReporter -->
<testsuite hostname="Pk" failures="0" tests="5" name="test_Scripts.Test_Script2" time="0.008" errors="0" timestamp="2024-02-19T23:03:55 IST" skipped="0">
  <testcase classname="test_Scripts.Test_Script2" name="editAcc" time="0.002"/>
  <system-out>
    <![CDATA[Edit account mecthod executed]]>
  </system-out>
  <testcase classname="test_Scripts.Test_Script2" name="readAcc" time="0.002"/>
  <system-out>
    <![CDATA[Read account mecthod executed]]>
  </system-out>
  <testcase classname="test_Scripts.Test_Script2" name="updateAcc" time="0.001"/>
  <system-out>
    <![CDATA[Update account mecthod executed]]>
  </system-out>
  <testcase classname="test_Scripts.Test_Script2" name="deleteAcc" time="0.002"/>
  <system-out>
    <![CDATA[Delete account mecthod executed]]>
  </system-out>
  <testcase classname="test_Scripts.Test_Script2" name="CreateAcc" time="0.001"/>
  <system-out>
    <![CDATA[Create account mecthod executed]]>
  </system-out>
</testsuite> <!-- test_Scripts.Test_Script2 -->
