<?xml version="1.0" encoding="UTF-8"?>
<!-- Generated by org.testng.reporters.JUnitReportReporter -->
<testsuite hostname="Pk" failures="0" tests="1" name="excelSheet.Mainapp_Script_For_Utility" time="17.068" errors="0" timestamp="2024-03-06T13:51:31 IST" skipped="0">
  <testcase classname="excelSheet.Mainapp_Script_For_Utility" name="Login" time="17.068"/>
  <system-out/>
</testsuite> <!-- excelSheet.Mainapp_Script_For_Utility -->
