<?xml version="1.0" encoding="UTF-8"?>
<!-- Generated by org.testng.reporters.JUnitReportReporter -->
<testsuite hostname="Pk" failures="0" tests="1" name="Parameterization.Parameters" time="0.028" errors="0" timestamp="2024-02-20T14:45:59 IST" skipped="0">
  <testcase classname="Parameterization.Parameters" name="signUp" time="0.028"/>
  <system-out>
    <![CDATA[Admin1
Manager1]]>
  </system-out>
</testsuite> <!-- Parameterization.Parameters -->
